# JRE version: OpenJDK Runtime Environment (17.0.9) (build 17.0.9+0--11185874)
# Java VM: OpenJDK 64-Bit Server VM (17.0.9+0--11185874, mixed mode, tiered, compressed oops, compressed class ptrs, g1 gc, windows-amd64)
GC Precious Log:
 CPUs: 12 total, 12 available
 Memory: 8013M
 Large Page Support: Disabled
 NUMA Support: Disabled
 Compressed Oops: Enabled (32-bit)
 Heap Region Size: 1M
 Heap Min Capacity: 8M
 Heap Initial Capacity: 126M
 Heap Max Capacity: 2G
 Pre-touch: Disabled
 Parallel Workers: 10
 Concurrent Workers: 3
 Concurrent Refinement Workers: 10
 Periodic GC: Disabled
Heap:
 garbage-first heap   total 317440K, used 163120K [0x0000000080000000, 0x0000000100000000)
  region size 1024K, 3 young (3072K), 3 survivors (3072K)
 Metaspace       used 112268K, committed 113024K, reserved 1179648K
  class space    used 16293K, committed 16640K, reserved 1048576K
GC Heap History (20 events):
Event: 13.488 GC heap after
{Heap after GC invocations=35 (full 0):
 garbage-first heap   total 175104K, used 97089K [0x0000000080000000, 0x0000000100000000)
  region size 1024K, 7 young (7168K), 7 survivors (7168K)
 Metaspace       used 97903K, committed 98560K, reserved 1179648K
  class space    used 13642K, committed 13952K, reserved 1048576K
}
Event: 13.659 GC heap before
{Heap before GC invocations=35 (full 0):
 garbage-first heap   total 175104K, used 140097K [0x0000000080000000, 0x0000000100000000)
  region size 1024K, 50 young (51200K), 7 survivors (7168K)
 Metaspace       used 99231K, committed 99904K, reserved 1179648K
  class space    used 13820K, committed 14144K, reserved 1048576K
}
Event: 13.676 GC heap after
{Heap after GC invocations=36 (full 0):
 garbage-first heap   total 175104K, used 105028K [0x0000000080000000, 0x0000000100000000)
  region size 1024K, 7 young (7168K), 7 survivors (7168K)
 Metaspace       used 99231K, committed 99904K, reserved 1179648K
  class space    used 13820K, committed 14144K, reserved 1048576K
}
Event: 13.896 GC heap before
{Heap before GC invocations=36 (full 0):
 garbage-first heap   total 175104K, used 139844K [0x0000000080000000, 0x0000000100000000)
  region size 1024K, 42 young (43008K), 7 survivors (7168K)
 Metaspace       used 99975K, committed 100672K, reserved 1179648K
  class space    used 13948K, committed 14272K, reserved 1048576K
}
Event: 13.910 GC heap after
{Heap after GC invocations=37 (full 0):
 garbage-first heap   total 226304K, used 111875K [0x0000000080000000, 0x0000000100000000)
  region size 1024K, 6 young (6144K), 6 survivors (6144K)
 Metaspace       used 99975K, committed 100672K, reserved 1179648K
  class space    used 13948K, committed 14272K, reserved 1048576K
}
Event: 14.490 GC heap before
{Heap before GC invocations=37 (full 0):
 garbage-first heap   total 226304K, used 174339K [0x0000000080000000, 0x0000000100000000)
  region size 1024K, 68 young (69632K), 6 survivors (6144K)
 Metaspace       used 101954K, committed 102656K, reserved 1179648K
  class space    used 14297K, committed 14592K, reserved 1048576K
}
Event: 14.505 GC heap after
{Heap after GC invocations=38 (full 0):
 garbage-first heap   total 226304K, used 122701K [0x0000000080000000, 0x0000000100000000)
  region size 1024K, 9 young (9216K), 9 survivors (9216K)
 Metaspace       used 101954K, committed 102656K, reserved 1179648K
  class space    used 14297K, committed 14592K, reserved 1048576K
}
Event: 14.706 GC heap before
{Heap before GC invocations=38 (full 0):
 garbage-first heap   total 226304K, used 177997K [0x0000000080000000, 0x0000000100000000)
  region size 1024K, 64 young (65536K), 9 survivors (9216K)
 Metaspace       used 102428K, committed 103104K, reserved 1179648K
  class space    used 14363K, committed 14656K, reserved 1048576K
}
Event: 14.723 GC heap after
{Heap after GC invocations=39 (full 0):
 garbage-first heap   total 226304K, used 132582K [0x0000000080000000, 0x0000000100000000)
  region size 1024K, 8 young (8192K), 8 survivors (8192K)
 Metaspace       used 102428K, committed 103104K, reserved 1179648K
  class space    used 14363K, committed 14656K, reserved 1048576K
}
Event: 15.200 GC heap before
{Heap before GC invocations=39 (full 0):
 garbage-first heap   total 226304K, used 179686K [0x0000000080000000, 0x0000000100000000)
  region size 1024K, 55 young (56320K), 8 survivors (8192K)
 Metaspace       used 106411K, committed 107136K, reserved 1179648K
  class space    used 15251K, committed 15616K, reserved 1048576K
}
Event: 15.216 GC heap after
{Heap after GC invocations=40 (full 0):
 garbage-first heap   total 226304K, used 137963K [0x0000000080000000, 0x0000000100000000)
  region size 1024K, 5 young (5120K), 5 survivors (5120K)
 Metaspace       used 106411K, committed 107136K, reserved 1179648K
  class space    used 15251K, committed 15616K, reserved 1048576K
}
Event: 15.309 GC heap before
{Heap before GC invocations=40 (full 0):
 garbage-first heap   total 226304K, used 184043K [0x0000000080000000, 0x0000000100000000)
  region size 1024K, 50 young (51200K), 5 survivors (5120K)
 Metaspace       used 106734K, committed 107456K, reserved 1179648K
  class space    used 15296K, committed 15616K, reserved 1048576K
}
Event: 15.331 GC heap after
{Heap after GC invocations=41 (full 0):
 garbage-first heap   total 317440K, used 145576K [0x0000000080000000, 0x0000000100000000)
  region size 1024K, 7 young (7168K), 7 survivors (7168K)
 Metaspace       used 106734K, committed 107456K, reserved 1179648K
  class space    used 15296K, committed 15616K, reserved 1048576K
}
Event: 15.955 GC heap before
{Heap before GC invocations=41 (full 0):
 garbage-first heap   total 317440K, used 243880K [0x0000000080000000, 0x0000000100000000)
  region size 1024K, 104 young (106496K), 7 survivors (7168K)
 Metaspace       used 109700K, committed 110400K, reserved 1179648K
  class space    used 15879K, committed 16192K, reserved 1048576K
}
Event: 16.005 GC heap after
{Heap after GC invocations=42 (full 0):
 garbage-first heap   total 317440K, used 159858K [0x0000000080000000, 0x0000000100000000)
  region size 1024K, 13 young (13312K), 13 survivors (13312K)
 Metaspace       used 109700K, committed 110400K, reserved 1179648K
  class space    used 15879K, committed 16192K, reserved 1048576K
}
Event: 16.400 GC heap before
{Heap before GC invocations=42 (full 0):
 garbage-first heap   total 317440K, used 244850K [0x0000000080000000, 0x0000000100000000)
  region size 1024K, 97 young (99328K), 13 survivors (13312K)
 Metaspace       used 111484K, committed 112192K, reserved 1179648K
  class space    used 16201K, committed 16512K, reserved 1048576K
}
Event: 16.427 GC heap after
{Heap after GC invocations=43 (full 0):
 garbage-first heap   total 317440K, used 163006K [0x0000000080000000, 0x0000000100000000)
  region size 1024K, 3 young (3072K), 3 survivors (3072K)
 Metaspace       used 111484K, committed 112192K, reserved 1179648K
  class space    used 16201K, committed 16512K, reserved 1048576K
}
Event: 16.624 GC heap before
{Heap before GC invocations=43 (full 0):
 garbage-first heap   total 317440K, used 253118K [0x0000000080000000, 0x0000000100000000)
  region size 1024K, 91 young (93184K), 3 survivors (3072K)
 Metaspace       used 112033K, committed 112832K, reserved 1179648K
  class space    used 16279K, committed 16640K, reserved 1048576K
}
Event: 16.629 GC heap after
{Heap after GC invocations=44 (full 0):
 garbage-first heap   total 317440K, used 162846K [0x0000000080000000, 0x0000000100000000)
  region size 1024K, 3 young (3072K), 3 survivors (3072K)
 Metaspace       used 112033K, committed 112832K, reserved 1179648K
  class space    used 16279K, committed 16640K, reserved 1048576K
}
Event: 16.790 GC heap before
{Heap before GC invocations=44 (full 0):
 garbage-first heap   total 317440K, used 259102K [0x0000000080000000, 0x0000000100000000)
  region size 1024K, 97 young (99328K), 3 survivors (3072K)
 Metaspace       used 112268K, committed 113024K, reserved 1179648K
  class space    used 16293K, committed 16640K, reserved 1048576K
}

